vista  2018-05-08 09:04:29.372280
vista  2018-05-08 09:04:59.335557
vista  2018-05-08 09:05:10.004694
vista  2018-05-08 09:05:10.649768
vista  2018-05-08 09:05:11.114251
vista  2018-05-08 09:05:11.300647
vista  2018-05-08 09:05:11.468237
vista  2018-05-08 09:05:11.625571
vista  2018-05-08 09:05:11.787877
vista  2018-05-08 09:05:11.945948
vista  2018-05-08 09:05:12.279835
vista  2018-05-08 09:05:12.445860
vista  2018-05-08 09:05:12.640047
vista  2018-05-08 09:05:12.888805
vista  2018-05-08 09:05:13.065396
vista  2018-05-08 09:05:13.411543
vista  2018-05-08 09:05:13.596992
vista  2018-05-08 09:05:13.765612
vista  2018-05-08 09:05:13.924710
vista  2018-05-08 09:05:14.089916
vista  2018-05-08 09:05:14.260491
vista  2018-05-08 09:05:14.450466
actualizaractualizaractualizar -- 2018-05-08 09:18:01.403310actualizar -- 2018-05-08 09:18:07.675374actualizar -- 2018-05-08 09:19:05.726542
actualizar -- 2018-05-08 09:19:11.011745
actualizar -- 2018-05-08 09:19:15.746076
actualizar -- 2018-05-08 09:23:46.600551
actualizar -- 2018-05-08 09:25:52.166040
actualizar -- 2018-05-09 09:40:55.358761
actualizar -- 2018-05-09 09:42:45.477609
actualizar -- 2018-05-09 09:44:33.048087
actualizar -- 2018-05-09 09:47:09.455703
actualizar -- 2018-05-09 09:47:32.460463
actualizar -- 2018-05-09 09:51:08.448122
actualizar -- 2018-05-09 09:58:43.348414
actualizar -- 2018-05-09 09:59:55.916559
actualizar -- 2018-05-09 10:34:56.927860
actualizar -- 2018-05-09 10:37:26.114935
actualizar -- 2018-05-09 10:37:48.058783
actualizar -- 2018-05-09 10:37:55.506326
actualizar -- 2018-05-09 10:39:08.001187
actualizar -- 2018-05-09 10:41:17.730642
actualizar -- 2018-05-09 10:43:03.168274
actualizar -- 2018-05-09 10:43:14.667653
actualizar -- 2018-05-09 14:21:15.524846
<QuerySet [<modelo_cliente: xnxn xxbhzzh 1124242787 11.7 km tiolucas https://www.google.com/maps?q=-25.24593,-57.439 naramja True 2018-05-03 09:00:09.453946 eOy2v-nfeTw:APA91bHu3hqWVzKxFZiPEFvv5qzDiw20E206uSYXphNMGZcJFfpfOVIC8izMrbJClvG2RzU7kTvMeuAAjtEmy12ncgVMUD_QJ2sVxutpej4ovMeGRg26r8w_w_8gW5wR6t5C1O3fpiNC>, <modelo_cliente: edu sdfd 3434343434 5.0 km tiolucas https://www.google.com/maps?q=-25.2674,-57.4924 amarillo True 2018-05-03 09:22:25.563352 cHfIimecswc:APA91bHJ0A-mq5k1E1Q8tpGQK5HLrcrZUvedQA4UdaM7VKZGJGjAJBMcRLMFKsnN165E67JvvyxdTqTbcUWIywdcY4bMxdXItF1mh4P8oXVCIdib9NnZVpvcwF19NBt9lqjm0L-5hCdD>, <modelo_cliente: eddd eeddd 3333333333 5.0 km tiolucas https://www.google.com/maps?q=-25.2674,-57.4924 amarillo True 2018-05-03 09:23:45.372493 cHfIimecswc:APA91bHJ0A-mq5k1E1Q8tpGQK5HLrcrZUvedQA4UdaM7VKZGJGjAJBMcRLMFKsnN165E67JvvyxdTqTbcUWIywdcY4bMxdXItF1mh4P8oXVCIdib9NnZVpvcwF19NBt9lqjm0L-5hCdD>, <modelo_cliente: eddd dddddd 2345655657 5.0 km tiolucas https://www.google.com/maps?q=-25.2674,-57.4924 blanco True 2018-05-03 10:04:21.171170 cUxS_HpT1Cc:APA91bHGEx0ALqu_0tJrIhEngq_FPDqfNfPisEY8NU5pjBtxxjMhpIlhkKYRiGQJW5G3Sifk448eJ-cf_AU8qb6zVc7zsHjvQYynd7MEowAB3F8DvWgBWi8Vv4bXoSlsbU9Td0Guq9AE>, <modelo_cliente: wewee wewewe 3434343434 5.0 km tiolucas https://www.google.com/maps?q=-25.2674,-57.4924 amarillo True 2018-05-03 10:13:41.020253 d_p-JGX_yN8:APA91bGcEPrI2HZCDeim2oZDVGrCoyS_U47S85Bd3lBjyUVQL3x0SRhzaVroyQABSe6Qkzv2ZMQlLgW30eY0WUVzaeTRYnEvnIGGXNgoQ_MWMJ0NvEYH7184V2GCbsZCVhetT7T427Ur>, <modelo_cliente: wewee wewewe 3434343434 5.0 km tiolucas https://www.google.com/maps?q=-25.2674,-57.4924 amarillo True 2018-05-03 10:25:36.520091 d_p-JGX_yN8:APA91bGcEPrI2HZCDeim2oZDVGrCoyS_U47S85Bd3lBjyUVQL3x0SRhzaVroyQABSe6Qkzv2ZMQlLgW30eY0WUVzaeTRYnEvnIGGXNgoQ_MWMJ0NvEYH7184V2GCbsZCVhetT7T427Ur>, <modelo_cliente: wewee wewewe 3434343434 5.0 km tiolucas https://www.google.com/maps?q=-25.2674,-57.4924 amarillo True 2018-05-03 10:26:26.843416 d_p-JGX_yN8:APA91bGcEPrI2HZCDeim2oZDVGrCoyS_U47S85Bd3lBjyUVQL3x0SRhzaVroyQABSe6Qkzv2ZMQlLgW30eY0WUVzaeTRYnEvnIGGXNgoQ_MWMJ0NvEYH7184V2GCbsZCVhetT7T427Ur>, <modelo_cliente: wewee wewewe 3434343434 5.0 km tiolucas https://www.google.com/maps?q=-25.2674,-57.4924 naramja True 2018-05-03 10:28:21.060668 d_p-JGX_yN8:APA91bGcEPrI2HZCDeim2oZDVGrCoyS_U47S85Bd3lBjyUVQL3x0SRhzaVroyQABSe6Qkzv2ZMQlLgW30eY0WUVzaeTRYnEvnIGGXNgoQ_MWMJ0NvEYH7184V2GCbsZCVhetT7T427Ur>, <modelo_cliente: eduardo gonzalez 981852646 13.5 km tiolucas https://www.google.com/maps?q=-25.24547,-57.43835 amarillo True 2018-05-03 10:50:35.819211 d83lGkZEpwA:APA91bFAebsU1oycTR-W-H_Z3CH4La8syyWdpbkAtMzsQZG_n5XuOklSX9MvYQ1U7TR8R2PkxSFpWPR5_5vbRPN-5ugdW2j85YzmhUpZ_9D4CUArnHgY1knuh49VWUN3SW2qVFhWQdeN>, <modelo_cliente: lucia lopez 986535353 13.5 km tiolucas https://www.google.com/maps?q=-25.24521,-57.43842 naramja True 2018-05-03 10:55:34.557424 e_3IbohoVRI:APA91bHUQZJPWDEF3qL2VC_xWlz_PMlEzwjtdKBkSbRZuyCxwkbsfhnYHwfH9p8eqAEHO-Wm-6iMVWzELA3D-G5eigzKuhRR9wUOkxdg1QKFP77IcQRVJXjAGFLWybFFkOPLobcgYPlt>, <modelo_cliente: lucia lopez 986535353 13.5 km tiolucas https://www.google.com/maps?q=-25.24521,-57.43842 amarillo True 2018-05-03 12:57:55.357905 e_3IbohoVRI:APA91bHUQZJPWDEF3qL2VC_xWlz_PMlEzwjtdKBkSbRZuyCxwkbsfhnYHwfH9p8eqAEHO-Wm-6iMVWzELA3D-G5eigzKuhRR9wUOkxdg1QKFP77IcQRVJXjAGFLWybFFkOPLobcgYPlt>, <modelo_cliente: lucia lopez 986535353 13.5 km tiolucas https://www.google.com/maps?q=-25.24521,-57.43842 naramja True 2018-05-03 13:01:45.530480 e_3IbohoVRI:APA91bHUQZJPWDEF3qL2VC_xWlz_PMlEzwjtdKBkSbRZuyCxwkbsfhnYHwfH9p8eqAEHO-Wm-6iMVWzELA3D-G5eigzKuhRR9wUOkxdg1QKFP77IcQRVJXjAGFLWybFFkOPLobcgYPlt>, <modelo_cliente: lucia lopez 986535353 13.5 km tiolucas https://www.google.com/maps?q=-25.24521,-57.43842 blanco True 2018-05-03 13:02:13.728877 e_3IbohoVRI:APA91bHUQZJPWDEF3qL2VC_xWlz_PMlEzwjtdKBkSbRZuyCxwkbsfhnYHwfH9p8eqAEHO-Wm-6iMVWzELA3D-G5eigzKuhRR9wUOkxdg1QKFP77IcQRVJXjAGFLWybFFkOPLobcgYPlt>, <modelo_cliente: lucia lopez 986535353 13.5 km tiolucas https://www.google.com/maps?q=-25.24521,-57.43842 blanco True 2018-05-03 13:03:21.833576 e_3IbohoVRI:APA91bHUQZJPWDEF3qL2VC_xWlz_PMlEzwjtdKBkSbRZuyCxwkbsfhnYHwfH9p8eqAEHO-Wm-6iMVWzELA3D-G5eigzKuhRR9wUOkxdg1QKFP77IcQRVJXjAGFLWybFFkOPLobcgYPlt>, <modelo_cliente: lucia lopez 986535353 13.5 km tiolucas https://www.google.com/maps?q=-25.24521,-57.43842 amarillo True 2018-05-03 13:03:32.891631 e_3IbohoVRI:APA91bHUQZJPWDEF3qL2VC_xWlz_PMlEzwjtdKBkSbRZuyCxwkbsfhnYHwfH9p8eqAEHO-Wm-6iMVWzELA3D-G5eigzKuhRR9wUOkxdg1QKFP77IcQRVJXjAGFLWybFFkOPLobcgYPlt>, <modelo_cliente: lucia lopez 986535353 13.5 km tiolucas https://www.google.com/maps?q=-25.24521,-57.43842 amarillo True 2018-05-03 13:10:19.537870 e_3IbohoVRI:APA91bHUQZJPWDEF3qL2VC_xWlz_PMlEzwjtdKBkSbRZuyCxwkbsfhnYHwfH9p8eqAEHO-Wm-6iMVWzELA3D-G5eigzKuhRR9wUOkxdg1QKFP77IcQRVJXjAGFLWybFFkOPLobcgYPlt>, <modelo_cliente: lucia lopez 986535353 13.5 km tiolucas https://www.google.com/maps?q=-25.24521,-57.43842 blanco True 2018-05-03 13:10:43.667449 e_3IbohoVRI:APA91bHUQZJPWDEF3qL2VC_xWlz_PMlEzwjtdKBkSbRZuyCxwkbsfhnYHwfH9p8eqAEHO-Wm-6iMVWzELA3D-G5eigzKuhRR9wUOkxdg1QKFP77IcQRVJXjAGFLWybFFkOPLobcgYPlt>, <modelo_cliente: lucia lopez 986535353 13.5 km tiolucas https://www.google.com/maps?q=-25.24521,-57.43842 blanco True 2018-05-03 13:12:11.102744 e_3IbohoVRI:APA91bHUQZJPWDEF3qL2VC_xWlz_PMlEzwjtdKBkSbRZuyCxwkbsfhnYHwfH9p8eqAEHO-Wm-6iMVWzELA3D-G5eigzKuhRR9wUOkxdg1QKFP77IcQRVJXjAGFLWybFFkOPLobcgYPlt>, <modelo_cliente: lucia lopez 986535353 13.5 km tiolucas https://www.google.com/maps?q=-25.24521,-57.43842 amarillo True 2018-05-03 13:34:07.794321 e_3IbohoVRI:APA91bHUQZJPWDEF3qL2VC_xWlz_PMlEzwjtdKBkSbRZuyCxwkbsfhnYHwfH9p8eqAEHO-Wm-6iMVWzELA3D-G5eigzKuhRR9wUOkxdg1QKFP77IcQRVJXjAGFLWybFFkOPLobcgYPlt>, <modelo_cliente: lucia lopez 986535353 13.5 km tiolucas https://www.google.com/maps?q=-25.24521,-57.43842 amarillo True 2018-05-03 14:28:10.062131 e_3IbohoVRI:APA91bHUQZJPWDEF3qL2VC_xWlz_PMlEzwjtdKBkSbRZuyCxwkbsfhnYHwfH9p8eqAEHO-Wm-6iMVWzELA3D-G5eigzKuhRR9wUOkxdg1QKFP77IcQRVJXjAGFLWybFFkOPLobcgYPlt>, '...(remaining elements truncated)...']> -- 2018-05-09 15:37:40.029619
<QuerySet [<modelo_cliente: xnxn xxbhzzh 1124242787 11.7 km tiolucas https://www.google.com/maps?q=-25.24593,-57.439 naramja True 2018-05-03 09:00:09.453946 eOy2v-nfeTw:APA91bHu3hqWVzKxFZiPEFvv5qzDiw20E206uSYXphNMGZcJFfpfOVIC8izMrbJClvG2RzU7kTvMeuAAjtEmy12ncgVMUD_QJ2sVxutpej4ovMeGRg26r8w_w_8gW5wR6t5C1O3fpiNC>, <modelo_cliente: edu sdfd 3434343434 5.0 km tiolucas https://www.google.com/maps?q=-25.2674,-57.4924 amarillo True 2018-05-03 09:22:25.563352 cHfIimecswc:APA91bHJ0A-mq5k1E1Q8tpGQK5HLrcrZUvedQA4UdaM7VKZGJGjAJBMcRLMFKsnN165E67JvvyxdTqTbcUWIywdcY4bMxdXItF1mh4P8oXVCIdib9NnZVpvcwF19NBt9lqjm0L-5hCdD>, <modelo_cliente: eddd eeddd 3333333333 5.0 km tiolucas https://www.google.com/maps?q=-25.2674,-57.4924 amarillo True 2018-05-03 09:23:45.372493 cHfIimecswc:APA91bHJ0A-mq5k1E1Q8tpGQK5HLrcrZUvedQA4UdaM7VKZGJGjAJBMcRLMFKsnN165E67JvvyxdTqTbcUWIywdcY4bMxdXItF1mh4P8oXVCIdib9NnZVpvcwF19NBt9lqjm0L-5hCdD>, <modelo_cliente: eddd dddddd 2345655657 5.0 km tiolucas https://www.google.com/maps?q=-25.2674,-57.4924 blanco True 2018-05-03 10:04:21.171170 cUxS_HpT1Cc:APA91bHGEx0ALqu_0tJrIhEngq_FPDqfNfPisEY8NU5pjBtxxjMhpIlhkKYRiGQJW5G3Sifk448eJ-cf_AU8qb6zVc7zsHjvQYynd7MEowAB3F8DvWgBWi8Vv4bXoSlsbU9Td0Guq9AE>, <modelo_cliente: wewee wewewe 3434343434 5.0 km tiolucas https://www.google.com/maps?q=-25.2674,-57.4924 amarillo True 2018-05-03 10:13:41.020253 d_p-JGX_yN8:APA91bGcEPrI2HZCDeim2oZDVGrCoyS_U47S85Bd3lBjyUVQL3x0SRhzaVroyQABSe6Qkzv2ZMQlLgW30eY0WUVzaeTRYnEvnIGGXNgoQ_MWMJ0NvEYH7184V2GCbsZCVhetT7T427Ur>, <modelo_cliente: wewee wewewe 3434343434 5.0 km tiolucas https://www.google.com/maps?q=-25.2674,-57.4924 amarillo True 2018-05-03 10:25:36.520091 d_p-JGX_yN8:APA91bGcEPrI2HZCDeim2oZDVGrCoyS_U47S85Bd3lBjyUVQL3x0SRhzaVroyQABSe6Qkzv2ZMQlLgW30eY0WUVzaeTRYnEvnIGGXNgoQ_MWMJ0NvEYH7184V2GCbsZCVhetT7T427Ur>, <modelo_cliente: wewee wewewe 3434343434 5.0 km tiolucas https://www.google.com/maps?q=-25.2674,-57.4924 amarillo True 2018-05-03 10:26:26.843416 d_p-JGX_yN8:APA91bGcEPrI2HZCDeim2oZDVGrCoyS_U47S85Bd3lBjyUVQL3x0SRhzaVroyQABSe6Qkzv2ZMQlLgW30eY0WUVzaeTRYnEvnIGGXNgoQ_MWMJ0NvEYH7184V2GCbsZCVhetT7T427Ur>, <modelo_cliente: wewee wewewe 3434343434 5.0 km tiolucas https://www.google.com/maps?q=-25.2674,-57.4924 naramja True 2018-05-03 10:28:21.060668 d_p-JGX_yN8:APA91bGcEPrI2HZCDeim2oZDVGrCoyS_U47S85Bd3lBjyUVQL3x0SRhzaVroyQABSe6Qkzv2ZMQlLgW30eY0WUVzaeTRYnEvnIGGXNgoQ_MWMJ0NvEYH7184V2GCbsZCVhetT7T427Ur>, <modelo_cliente: eduardo gonzalez 981852646 13.5 km tiolucas https://www.google.com/maps?q=-25.24547,-57.43835 amarillo True 2018-05-03 10:50:35.819211 d83lGkZEpwA:APA91bFAebsU1oycTR-W-H_Z3CH4La8syyWdpbkAtMzsQZG_n5XuOklSX9MvYQ1U7TR8R2PkxSFpWPR5_5vbRPN-5ugdW2j85YzmhUpZ_9D4CUArnHgY1knuh49VWUN3SW2qVFhWQdeN>, <modelo_cliente: lucia lopez 986535353 13.5 km tiolucas https://www.google.com/maps?q=-25.24521,-57.43842 naramja True 2018-05-03 10:55:34.557424 e_3IbohoVRI:APA91bHUQZJPWDEF3qL2VC_xWlz_PMlEzwjtdKBkSbRZuyCxwkbsfhnYHwfH9p8eqAEHO-Wm-6iMVWzELA3D-G5eigzKuhRR9wUOkxdg1QKFP77IcQRVJXjAGFLWybFFkOPLobcgYPlt>, <modelo_cliente: lucia lopez 986535353 13.5 km tiolucas https://www.google.com/maps?q=-25.24521,-57.43842 amarillo True 2018-05-03 12:57:55.357905 e_3IbohoVRI:APA91bHUQZJPWDEF3qL2VC_xWlz_PMlEzwjtdKBkSbRZuyCxwkbsfhnYHwfH9p8eqAEHO-Wm-6iMVWzELA3D-G5eigzKuhRR9wUOkxdg1QKFP77IcQRVJXjAGFLWybFFkOPLobcgYPlt>, <modelo_cliente: lucia lopez 986535353 13.5 km tiolucas https://www.google.com/maps?q=-25.24521,-57.43842 naramja True 2018-05-03 13:01:45.530480 e_3IbohoVRI:APA91bHUQZJPWDEF3qL2VC_xWlz_PMlEzwjtdKBkSbRZuyCxwkbsfhnYHwfH9p8eqAEHO-Wm-6iMVWzELA3D-G5eigzKuhRR9wUOkxdg1QKFP77IcQRVJXjAGFLWybFFkOPLobcgYPlt>, <modelo_cliente: lucia lopez 986535353 13.5 km tiolucas https://www.google.com/maps?q=-25.24521,-57.43842 blanco True 2018-05-03 13:02:13.728877 e_3IbohoVRI:APA91bHUQZJPWDEF3qL2VC_xWlz_PMlEzwjtdKBkSbRZuyCxwkbsfhnYHwfH9p8eqAEHO-Wm-6iMVWzELA3D-G5eigzKuhRR9wUOkxdg1QKFP77IcQRVJXjAGFLWybFFkOPLobcgYPlt>, <modelo_cliente: lucia lopez 986535353 13.5 km tiolucas https://www.google.com/maps?q=-25.24521,-57.43842 blanco True 2018-05-03 13:03:21.833576 e_3IbohoVRI:APA91bHUQZJPWDEF3qL2VC_xWlz_PMlEzwjtdKBkSbRZuyCxwkbsfhnYHwfH9p8eqAEHO-Wm-6iMVWzELA3D-G5eigzKuhRR9wUOkxdg1QKFP77IcQRVJXjAGFLWybFFkOPLobcgYPlt>, <modelo_cliente: lucia lopez 986535353 13.5 km tiolucas https://www.google.com/maps?q=-25.24521,-57.43842 amarillo True 2018-05-03 13:03:32.891631 e_3IbohoVRI:APA91bHUQZJPWDEF3qL2VC_xWlz_PMlEzwjtdKBkSbRZuyCxwkbsfhnYHwfH9p8eqAEHO-Wm-6iMVWzELA3D-G5eigzKuhRR9wUOkxdg1QKFP77IcQRVJXjAGFLWybFFkOPLobcgYPlt>, <modelo_cliente: lucia lopez 986535353 13.5 km tiolucas https://www.google.com/maps?q=-25.24521,-57.43842 amarillo True 2018-05-03 13:10:19.537870 e_3IbohoVRI:APA91bHUQZJPWDEF3qL2VC_xWlz_PMlEzwjtdKBkSbRZuyCxwkbsfhnYHwfH9p8eqAEHO-Wm-6iMVWzELA3D-G5eigzKuhRR9wUOkxdg1QKFP77IcQRVJXjAGFLWybFFkOPLobcgYPlt>, <modelo_cliente: lucia lopez 986535353 13.5 km tiolucas https://www.google.com/maps?q=-25.24521,-57.43842 blanco True 2018-05-03 13:10:43.667449 e_3IbohoVRI:APA91bHUQZJPWDEF3qL2VC_xWlz_PMlEzwjtdKBkSbRZuyCxwkbsfhnYHwfH9p8eqAEHO-Wm-6iMVWzELA3D-G5eigzKuhRR9wUOkxdg1QKFP77IcQRVJXjAGFLWybFFkOPLobcgYPlt>, <modelo_cliente: lucia lopez 986535353 13.5 km tiolucas https://www.google.com/maps?q=-25.24521,-57.43842 blanco True 2018-05-03 13:12:11.102744 e_3IbohoVRI:APA91bHUQZJPWDEF3qL2VC_xWlz_PMlEzwjtdKBkSbRZuyCxwkbsfhnYHwfH9p8eqAEHO-Wm-6iMVWzELA3D-G5eigzKuhRR9wUOkxdg1QKFP77IcQRVJXjAGFLWybFFkOPLobcgYPlt>, <modelo_cliente: lucia lopez 986535353 13.5 km tiolucas https://www.google.com/maps?q=-25.24521,-57.43842 amarillo True 2018-05-03 13:34:07.794321 e_3IbohoVRI:APA91bHUQZJPWDEF3qL2VC_xWlz_PMlEzwjtdKBkSbRZuyCxwkbsfhnYHwfH9p8eqAEHO-Wm-6iMVWzELA3D-G5eigzKuhRR9wUOkxdg1QKFP77IcQRVJXjAGFLWybFFkOPLobcgYPlt>, <modelo_cliente: lucia lopez 986535353 13.5 km tiolucas https://www.google.com/maps?q=-25.24521,-57.43842 amarillo True 2018-05-03 14:28:10.062131 e_3IbohoVRI:APA91bHUQZJPWDEF3qL2VC_xWlz_PMlEzwjtdKBkSbRZuyCxwkbsfhnYHwfH9p8eqAEHO-Wm-6iMVWzELA3D-G5eigzKuhRR9wUOkxdg1QKFP77IcQRVJXjAGFLWybFFkOPLobcgYPlt>, '...(remaining elements truncated)...']> -- 2018-05-09 16:00:28.995204
actualizar -- 2018-05-10 17:29:06.250945
actualizar -- 2018-05-10 17:31:01.054125
actualizar -- 2018-05-10 17:38:16.100375
actualizar -- 2018-05-10 17:40:37.195905
actualizar -- 2018-05-10 17:41:10.834329
actualizar -- 2018-05-10 17:41:13.670670
actualizar -- 2018-05-10 17:43:21.463769
actualizar -- 2018-05-10 17:47:15.848107
actualizar -- 2018-05-10 17:52:17.785991
actualizar -- 2018-05-10 17:56:15.291669
actualizar -- 2018-05-10 17:57:47.123619
actualizar -- 2018-05-10 17:58:44.645700
actualizar -- 2018-05-10 17:58:57.366728
actualizar -- 2018-05-10 18:04:53.735229
actualizar -- 2018-05-10 18:04:58.156972
actualizar -- 2018-05-10 18:05:20.478101
actualizar -- 2018-05-10 18:53:58.476030
actualizar -- 2018-05-10 18:55:27.299129
actualizar -- 2018-05-10 18:57:38.242449
actualizar -- 2018-05-10 18:58:16.477691
actualizar -- 2018-05-10 18:58:59.919324
actualizar -- 2018-05-10 19:01:15.681199
actualizar -- 2018-05-10 19:01:56.142028
actualizar -- 2018-05-10 19:03:59.507956
actualizar -- 2018-05-10 19:06:33.628904
actualizar -- 2018-05-10 19:08:23.572942
actualizar -- 2018-05-10 19:08:50.736294
actualizar -- 2018-05-10 19:09:00.603325
actualizar -- 2018-05-10 19:10:58.165336
actualizar -- 2018-05-10 19:12:37.460380
actualizar -- 2018-05-10 19:12:43.822684
actualizar -- 2018-05-10 19:12:48.080107
actualizar -- 2018-05-10 19:13:08.473717
actualizar -- 2018-05-10 19:14:55.413343
actualizar -- 2018-05-10 19:17:19.367056
actualizar -- 2018-05-10 19:18:46.620401
actualizar -- 2018-05-10 19:19:10.410570
actualizar -- 2018-05-10 19:19:37.501988
actualizar -- 2018-05-10 19:20:33.559872
actualizar -- 2018-05-10 19:20:40.615150
actualizar -- 2018-05-10 19:22:00.855113
actualizar -- 2018-05-10 19:22:41.757820
actualizar -- 2018-05-10 19:23:09.965037
actualizar -- 2018-05-10 19:23:54.818460
actualizar -- 2018-05-10 19:24:39.401249
actualizar -- 2018-05-10 19:25:06.702055
actualizar -- 2018-05-10 19:25:25.711016
actualizar -- 2018-05-10 19:27:04.995406
actualizar -- 2018-05-10 19:28:00.138098
actualizar -- 2018-05-10 19:28:31.036887
actualizar -- 2018-05-10 19:30:26.777730
actualizar -- 2018-05-10 19:30:53.705266
actualizar -- 2018-05-10 19:31:29.208653
actualizar -- 2018-05-10 19:33:31.746524
actualizar -- 2018-05-10 19:34:18.511529
actualizar -- 2018-05-10 19:34:57.277136
actualizar -- 2018-05-10 19:35:55.240081
actualizar -- 2018-05-10 19:37:54.892570
actualizar -- 2018-05-10 19:38:38.288961
actualizar -- 2018-05-10 19:40:08.314906
actualizar -- 2018-05-10 19:41:30.593396
actualizar -- 2018-05-10 19:41:52.654071
actualizar -- 2018-05-10 19:44:00.154121
actualizar -- 2018-05-10 19:47:22.049055
actualizar -- 2018-05-10 19:48:50.314078
actualizar -- 2018-05-10 19:49:37.882908
actualizar -- 2018-05-10 19:51:08.904545
actualizar -- 2018-05-10 19:52:24.580174
actualizar -- 2018-05-10 19:52:43.072450
actualizar -- 2018-05-10 19:53:15.141196
actualizar -- 2018-05-10 19:54:59.081744
actualizar -- 2018-05-10 19:56:53.932713
actualizar -- 2018-05-10 19:57:39.157174
actualizar -- 2018-05-10 19:59:16.596931
actualizar -- 2018-05-10 20:07:02.356324
actualizar -- 2018-05-10 20:07:45.942781
actualizar -- 2018-05-10 20:10:24.056855
actualizar -- 2018-05-10 20:11:00.073214
actualizar -- 2018-05-10 20:11:49.394489
actualizar -- 2018-05-10 20:12:01.891293
actualizar -- 2018-05-10 20:12:12.062280
actualizar -- 2018-05-10 20:12:15.525612
actualizar -- 2018-05-10 20:13:56.330816
actualizar -- 2018-05-10 20:14:17.615332
actualizar -- 2018-05-10 20:14:30.530639
actualizar -- 2018-05-10 20:14:53.748107
actualizar -- 2018-05-10 20:15:06.247598
actualizar -- 2018-05-10 20:16:17.649894
actualizar -- 2018-05-10 20:16:51.213649
actualizar -- 2018-05-10 20:18:02.959534
actualizar -- 2018-05-10 20:19:58.439306
actualizar -- 2018-05-10 20:20:17.084740
actualizar -- 2018-05-10 20:21:41.051536
actualizar -- 2018-05-10 20:23:43.927781
actualizar -- 2018-05-10 20:24:11.408003
actualizar -- 2018-05-10 20:24:53.720618
actualizar -- 2018-05-10 20:26:00.114913
actualizar -- 2018-05-10 20:27:42.877976
actualizar -- 2018-05-10 20:28:06.180016
actualizar -- 2018-05-10 20:29:56.239146
actualizar -- 2018-05-10 20:32:59.123709
actualizar -- 2018-05-10 20:33:45.075256
actualizar -- 2018-05-10 20:34:12.731458
actualizar -- 2018-05-10 20:34:45.722013
actualizar -- 2018-05-10 20:36:42.967021
actualizar -- 2018-05-10 20:36:57.129066
actualizar -- 2018-05-10 20:37:48.769525
actualizar -- 2018-05-10 20:38:09.500575
actualizar -- 2018-05-10 20:38:29.051833
actualizar -- 2018-05-10 20:41:38.515054
actualizar -- 2018-05-10 20:44:45.614855
actualizar -- 2018-05-10 20:45:59.609989
actualizar -- 2018-05-10 20:47:25.119354
actualizar -- 2018-05-10 20:48:07.178855
actualizar -- 2018-05-10 20:48:56.105093
actualizar -- 2018-05-10 20:50:24.233958
actualizar -- 2018-05-10 20:50:41.726549
actualizar -- 2018-05-10 20:52:03.072959
actualizar -- 2018-05-10 20:52:32.294529
actualizar -- 2018-05-10 20:53:46.936560
actualizar -- 2018-05-10 20:54:12.572147
actualizar -- 2018-05-10 20:54:35.201107
actualizar -- 2018-05-10 20:55:51.730760
actualizar -- 2018-05-10 20:57:22.297783
actualizar -- 2018-05-10 20:57:42.887045
actualizar -- 2018-05-10 20:58:17.006773
actualizar -- 2018-05-10 20:58:53.764340
actualizar -- 2018-05-10 20:59:23.201274
actualizar -- 2018-05-10 20:59:46.106148
actualizar -- 2018-05-10 21:00:30.745040
actualizar -- 2018-05-10 21:00:51.684284
actualizar -- 2018-05-10 21:02:21.812547
actualizar -- 2018-05-10 21:03:52.454569
actualizar -- 2018-05-10 21:04:42.631160
actualizar -- 2018-05-10 21:05:10.598069
actualizar -- 2018-05-10 21:06:14.688197
actualizar -- 2018-05-10 21:06:54.470764
actualizar -- 2018-05-10 21:07:15.598130
actualizar -- 2018-05-10 21:07:32.913839
actualizar -- 2018-05-10 21:08:06.365433
actualizar -- 2018-05-10 21:08:29.202042
actualizar -- 2018-05-10 21:08:59.467142
actualizar -- 2018-05-10 21:12:39.105533
actualizar -- 2018-05-10 21:14:02.107775
actualizar -- 2018-05-10 21:16:28.543798
actualizar -- 2018-05-10 21:16:58.531788
actualizar -- 2018-05-11 08:27:12.462847
actualizar -- 2018-05-11 08:28:38.056080
actualizar -- 2018-05-11 08:30:45.828613
actualizar -- 2018-05-11 08:31:58.223344
actualizar -- 2018-05-11 08:32:09.712246
actualizar -- 2018-05-11 08:32:34.470019
actualizar -- 2018-05-11 08:33:38.533736
actualizar -- 2018-05-11 08:33:58.538736
actualizar -- 2018-05-11 08:35:26.526059
actualizar -- 2018-05-11 08:36:25.602721
actualizar -- 2018-05-11 08:40:05.721854
actualizar -- 2018-05-11 08:43:57.609342
actualizar -- 2018-05-11 08:45:04.855835
actualizar -- 2018-05-11 08:47:33.579797
actualizar -- 2018-05-11 08:49:47.306408
actualizar -- 2018-05-11 08:50:56.265277
actualizar -- 2018-05-11 08:51:21.530770
actualizar -- 2018-05-11 08:52:47.291680
actualizar -- 2018-05-11 09:06:27.648844
actualizar -- 2018-05-11 09:07:27.657325
actualizar -- 2018-05-11 09:07:51.075075
actualizar -- 2018-05-11 09:08:58.115065
actualizar -- 2018-05-11 09:09:25.164453
actualizar -- 2018-05-11 09:10:01.552743
actualizar -- 2018-05-11 09:11:45.188811
actualizar -- 2018-05-11 09:12:32.277943
actualizar -- 2018-05-11 09:13:56.939937
actualizar -- 2018-05-11 09:15:40.887886
actualizar -- 2018-05-11 09:16:40.070080
actualizar -- 2018-05-11 09:18:01.851828
actualizar -- 2018-05-11 09:18:36.844541
actualizar -- 2018-05-11 09:20:05.546761
actualizar -- 2018-05-11 09:21:45.317252
actualizar -- 2018-05-11 09:23:13.727142
actualizar -- 2018-05-11 09:25:16.475180
actualizar -- 2018-05-11 09:25:41.705621
actualizar -- 2018-05-11 09:26:14.313421
actualizar -- 2018-05-11 09:26:54.653016
actualizar -- 2018-05-11 09:29:56.709252
actualizar -- 2018-05-11 09:48:12.317426
actualizar -- 2018-05-11 09:48:57.539850
actualizar -- 2018-05-11 09:49:05.648280
actualizar -- 2018-05-11 09:53:22.077605
actualizar -- 2018-05-11 09:53:27.278839
actualizar -- 2018-05-11 09:53:41.414805
actualizar -- 2018-05-11 09:53:51.083477
actualizar -- 2018-05-11 09:55:20.255053
actualizar -- 2018-05-11 09:57:00.183083
actualizar -- 2018-05-11 09:57:07.474556
actualizar -- 2018-05-11 09:57:12.008105
actualizar -- 2018-05-11 09:57:12.926476
actualizar -- 2018-05-11 09:57:24.677097
actualizar -- 2018-05-11 09:58:12.982014
actualizar -- 2018-05-11 09:58:21.869439
actualizar -- 2018-05-11 09:58:23.497242
actualizar -- 2018-05-11 09:58:32.291144
actualizar -- 2018-05-11 09:58:44.714230
actualizar -- 2018-05-11 10:03:48.854145
actualizar -- 2018-05-11 10:05:33.528944
actualizar -- 2018-05-11 10:07:26.319736
actualizar -- 2018-05-11 10:07:57.004771
actualizar -- 2018-05-11 10:10:38.171638
actualizar -- 2018-05-11 10:27:41.205998
actualizar -- 2018-05-11 10:29:05.589229
actualizar -- 2018-05-11 10:29:17.666045
actualizar -- 2018-05-11 10:30:07.624699
actualizar -- 2018-05-11 10:30:19.379962
actualizar -- 2018-05-11 10:30:42.610186
actualizar -- 2018-05-11 10:32:07.673866
actualizar -- 2018-05-11 10:33:28.532197
actualizar -- 2018-05-11 10:34:48.033433
actualizar -- 2018-05-11 10:35:26.110573
actualizar -- 2018-05-11 10:36:02.951246
actualizar -- 2018-05-11 10:37:16.301332
actualizar -- 2018-05-11 10:37:55.178061
actualizar -- 2018-05-11 10:38:02.455457
actualizar -- 2018-05-11 10:39:05.170184
actualizar -- 2018-05-11 10:39:11.911299
actualizar -- 2018-05-11 10:39:26.636083
actualizar -- 2018-05-11 10:43:40.233395
actualizar -- 2018-05-11 10:44:22.155188
actualizar -- 2018-05-11 10:51:57.564144
actualizar -- 2018-05-11 10:52:37.972598
actualizar -- 2018-05-11 10:53:02.914966
actualizar -- 2018-05-11 11:14:14.100459
actualizar -- 2018-05-11 11:14:21.483413
actualizar -- 2018-05-11 11:16:18.766053
actualizar -- 2018-05-11 11:17:25.841168
actualizar -- 2018-05-11 11:17:44.199541
actualizar -- 2018-05-11 11:24:02.069064
actualizar -- 2018-05-11 11:24:34.658717
actualizar -- 2018-05-11 11:25:54.871278
actualizar -- 2018-05-11 11:26:08.218173
actualizar -- 2018-05-11 11:27:49.755768
actualizar -- 2018-05-11 11:29:11.894398
actualizar -- 2018-05-11 11:29:18.528455
actualizar -- 2018-05-11 11:29:39.524681
actualizar -- 2018-05-11 11:29:45.031960
actualizar -- 2018-05-11 11:29:52.399610
actualizar -- 2018-05-11 11:31:06.476943
actualizar -- 2018-05-11 11:31:29.391875
actualizar -- 2018-05-11 11:33:11.581360
actualizar -- 2018-05-11 11:33:19.996222
actualizar -- 2018-05-11 11:33:40.329830
actualizar -- 2018-05-11 11:35:30.140433
actualizar -- 2018-05-11 11:41:47.425171
actualizar -- 2018-05-11 11:42:33.009276
actualizar -- 2018-05-11 11:43:16.158731
actualizar -- 2018-05-11 11:43:44.884000
actualizar -- 2018-05-11 11:45:07.133984
actualizar -- 2018-05-11 11:45:35.443458
actualizar -- 2018-05-11 11:46:34.036695
actualizar -- 2018-05-11 12:43:25.904731
actualizar -- 2018-05-11 12:43:31.539277
actualizar -- 2018-05-11 12:46:13.609317
actualizar -- 2018-05-11 12:48:33.212816
actualizar -- 2018-05-11 12:48:35.624232
actualizar -- 2018-05-11 12:48:53.549349
actualizar -- 2018-05-11 12:51:19.368791
actualizar -- 2018-05-11 12:51:34.970616
actualizar -- 2018-05-11 12:52:33.479884
actualizar -- 2018-05-11 12:53:01.701065
actualizar -- 2018-05-11 12:53:18.806624
actualizar -- 2018-05-11 12:53:50.070243
actualizar -- 2018-05-11 12:54:13.164113
actualizar -- 2018-05-11 12:55:25.224192
actualizar -- 2018-05-11 12:55:52.930172
actualizar -- 2018-05-11 12:56:41.972898
actualizar -- 2018-05-11 12:57:39.352388
actualizar -- 2018-05-11 12:58:55.933172
actualizar -- 2018-05-11 12:59:25.456052
actualizar -- 2018-05-11 12:59:32.409925
actualizar -- 2018-05-11 14:16:23.743340
actualizar -- 2018-05-11 14:17:24.982008
actualizar -- 2018-05-11 14:19:22.026385
actualizar -- 2018-05-11 14:20:23.902543
actualizar -- 2018-05-11 14:21:43.708671
actualizar -- 2018-05-11 14:22:20.914137
actualizar -- 2018-05-11 14:22:27.049222
actualizar -- 2018-05-11 14:22:38.422694
actualizar -- 2018-05-11 14:24:31.906357
actualizar -- 2018-05-11 14:25:40.187005
actualizar -- 2018-05-11 14:26:15.493607
actualizar -- 2018-05-11 14:27:35.289130
actualizar -- 2018-05-11 14:27:43.873062
actualizar -- 2018-05-11 14:33:53.046804
actualizar -- 2018-05-11 14:35:58.467227
actualizar -- 2018-05-11 14:36:37.033672
actualizar -- 2018-05-11 14:36:45.149357
actualizar -- 2018-05-11 14:38:31.939066
actualizar -- 2018-05-11 14:43:06.133572
actualizar -- 2018-05-11 14:43:09.213807
actualizar -- 2018-05-11 14:43:37.971552
actualizar -- 2018-05-11 14:43:52.850956
actualizar -- 2018-05-11 15:27:39.967692
actualizar -- 2018-05-11 17:21:35.026703
actualizar -- 2018-05-11 17:22:16.822964
actualizar -- 2018-05-11 17:22:53.175664
actualizar -- 2018-05-11 17:23:24.037469
actualizar -- 2018-05-11 17:23:44.423510
actualizar -- 2018-05-11 17:24:18.792373
actualizar -- 2018-05-12 10:51:02.793063
/home/edu/scripts/paginaweb/apirest/static/firebase-messaging-sw.js -- 2018-05-12 10:51:02.809038
actualizar -- 2018-05-12 10:51:50.638258
/home/edu/scripts/paginaweb/apirest/static/firebase-messaging-sw.js -- 2018-05-12 10:51:50.653279
actualizar -- 2018-05-12 10:51:56.166439
/home/edu/scripts/paginaweb/apirest/static/firebase-messaging-sw.js -- 2018-05-12 10:51:56.184166
actualizar -- 2018-05-12 10:52:09.635740
/home/edu/scripts/paginaweb/apirest/static/firebase-messaging-sw.js -- 2018-05-12 10:52:09.649249
actualizar -- 2018-05-12 10:52:30.345888
/home/edu/scripts/paginaweb/apirest/static/firebase-messaging-sw.js -- 2018-05-12 10:52:30.358609
/home/edu/scripts/paginaweb/apirest/static/firebase-messaging-sw.js -- 2018-05-12 10:52:57.420369
actualizar -- 2018-05-12 10:52:57.426776
actualizar -- 2018-05-12 10:53:14.815199
/home/edu/scripts/paginaweb/apirest/static/firebase-messaging-sw.js -- 2018-05-12 10:53:14.831905
actualizar -- 2018-05-12 10:53:30.311636
/home/edu/scripts/paginaweb/apirest/static/firebase-messaging-sw.js -- 2018-05-12 10:53:30.329291
actualizar -- 2018-05-12 10:53:41.545435
/home/edu/scripts/paginaweb/apirest/static/firebase-messaging-sw.js -- 2018-05-12 10:53:41.558550
actualizar -- 2018-05-12 10:56:30.581624
/home/edu/scripts/paginaweb/apirest/static/firebase-messaging-sw.js -- 2018-05-12 10:56:30.596341
actualizar -- 2018-05-12 10:57:32.698187
/home/edu/scripts/paginaweb/apirest/static/firebase-messaging-sw.js -- 2018-05-12 10:57:32.712985
actualizar -- 2018-05-12 10:58:03.763052
/home/edu/scripts/paginaweb/apirest/static/firebase-messaging-sw.js -- 2018-05-12 10:58:03.774049
actualizar -- 2018-05-12 10:58:20.208557
/home/edu/scripts/paginaweb/apirest/static/firebase-messaging-sw.js -- 2018-05-12 10:58:20.221565
actualizar -- 2018-05-12 11:00:10.679850
/home/edu/scripts/paginaweb/apirest/static/firebase-messaging-sw.js -- 2018-05-12 11:00:10.746162
actualizar -- 2018-05-12 11:02:15.656861
/home/edu/scripts/paginaweb/apirest/static/firebase-messaging-sw.js -- 2018-05-12 11:02:15.671803
actualizar -- 2018-05-12 11:03:40.006149
/home/edu/scripts/paginaweb/apirest/static/firebase-messaging-sw.js -- 2018-05-12 11:03:40.022023
actualizar -- 2018-05-12 11:04:00.047446
/home/edu/scripts/paginaweb/apirest/static/firebase-messaging-sw.js -- 2018-05-12 11:04:00.061376
actualizar -- 2018-05-12 11:05:53.608011
/home/edu/scripts/paginaweb/apirest/static/firebase-messaging-sw.js -- 2018-05-12 11:05:53.622673
actualizar -- 2018-05-12 11:07:06.670229
/home/edu/scripts/paginaweb/apirest/static/firebase-messaging-sw.js -- 2018-05-12 11:07:06.697382
actualizar -- 2018-05-12 11:07:51.332734
/home/edu/scripts/paginaweb/apirest/static/firebase-messaging-sw.js -- 2018-05-12 11:07:51.351630
/home/edu/scripts/paginaweb/apirest/static/firebase-messaging-sw.js -- 2018-05-12 11:08:31.566953
actualizar -- 2018-05-12 11:08:31.574036
actualizar -- 2018-05-12 11:09:06.495137
/home/edu/scripts/paginaweb/apirest/static/firebase-messaging-sw.js -- 2018-05-12 11:09:06.516322
actualizar -- 2018-05-12 11:09:40.638146
/home/edu/scripts/paginaweb/apirest/static/firebase-messaging-sw.js -- 2018-05-12 11:09:40.657648
actualizar -- 2018-05-12 11:10:12.853358
/home/edu/scripts/paginaweb/apirest/static/firebase-messaging-sw.js -- 2018-05-12 11:10:12.868219
actualizar -- 2018-05-12 11:11:38.194642
/home/edu/scripts/paginaweb/apirest/static/firebase-messaging-sw.js -- 2018-05-12 11:11:38.215989
actualizar -- 2018-05-12 11:13:53.704059
/home/edu/scripts/paginaweb/apirest/static/firebase-messaging-sw.js -- 2018-05-12 11:13:53.727981
actualizar -- 2018-05-12 11:14:38.136499
/home/edu/scripts/paginaweb/apirest/static/firebase-messaging-sw.js -- 2018-05-12 11:14:38.156888
actualizar -- 2018-05-12 11:15:06.563763
/home/edu/scripts/paginaweb/apirest/static/firebase-messaging-sw.js -- 2018-05-12 11:15:06.577514
actualizar -- 2018-05-12 11:15:17.743997
/home/edu/scripts/paginaweb/apirest/static/firebase-messaging-sw.js -- 2018-05-12 11:15:17.761250
actualizar -- 2018-05-12 11:15:29.966590
/home/edu/scripts/paginaweb/apirest/static/firebase-messaging-sw.js -- 2018-05-12 11:15:29.984416
/home/edu/scripts/paginaweb/apirest/static/firebase-messaging-sw.js -- 2018-05-12 11:15:47.047777
actualizar -- 2018-05-12 11:15:47.053017
actualizar -- 2018-05-12 11:16:37.070573
/home/edu/scripts/paginaweb/apirest/static/firebase-messaging-sw.js -- 2018-05-12 11:16:37.083332
/home/edu/scripts/paginaweb/apirest/static/firebase-messaging-sw.js -- 2018-05-12 11:16:56.222127
actualizar -- 2018-05-12 11:16:56.227312
